\BOOKMARK [1][-]{section.1}{\332vod}{}% 1
\BOOKMARK [1][-]{section.2}{Analysis}{}% 2
\BOOKMARK [2][-]{subsection.2.1}{Subsection}{section.2}% 3
\BOOKMARK [2][-]{subsection.2.2}{Enumeration}{section.2}% 4
\BOOKMARK [2][-]{subsection.2.3}{Itemization}{section.2}% 5
\BOOKMARK [2][-]{subsection.2.4}{Citation}{section.2}% 6
\BOOKMARK [2][-]{subsection.2.5}{Labesl \046 References}{section.2}% 7
\BOOKMARK [2][-]{subsection.2.6}{Examples}{section.2}% 8
\BOOKMARK [1][-]{section.3}{Design}{}% 9
\BOOKMARK [2][-]{subsection.3.1}{Subsection}{section.3}% 10
\BOOKMARK [1][-]{section.4}{Results}{}% 11
\BOOKMARK [2][-]{subsection.4.1}{Subsection}{section.4}% 12
\BOOKMARK [1][-]{section.5}{Conslusions}{}% 13
\BOOKMARK [1][-]{section.5}{Literat\372ra}{}% 14
\BOOKMARK [1][-]{appendix.A}{Technical documentation}{}% 15
\BOOKMARK [2][-]{subsection.A.1}{Implementation}{appendix.A}% 16
\BOOKMARK [1][-]{appendix.B}{User documentation}{}% 17
\BOOKMARK [2][-]{subsection.B.1}{Instalation}{appendix.B}% 18
\BOOKMARK [2][-]{subsection.B.2}{Run the application}{appendix.B}% 19
\BOOKMARK [1][-]{appendix.C}{Electronic medium}{}% 20
